  [1m[35m (124.0ms)[0m  [1m[35mCREATE DATABASE "backend_development" ENCODING = 'unicode' /*application='Backend'*/[0m
  [1m[35m (16.4ms)[0m  [1m[35mCREATE TABLE "schema_migrations" ("version" varchar NOT NULL PRIMARY KEY) /*application='Backend'*/[0m
  [1m[35m (0.2ms)[0m  [1m[35mCREATE TABLE "ar_internal_metadata" ("key" varchar NOT NULL PRIMARY KEY, "value" varchar, "created_at" datetime(6) NOT NULL, "updated_at" datetime(6) NOT NULL) /*application='Backend'*/[0m
  [1m[36mActiveRecord::InternalMetadata Load (0.1ms)[0m  [1m[34mSELECT * FROM "ar_internal_metadata" WHERE "ar_internal_metadata"."key" = 'environment' ORDER BY "ar_internal_metadata"."key" ASC LIMIT 1 /*application='Backend'*/[0m
  [1m[36mActiveRecord::InternalMetadata Create (0.2ms)[0m  [1m[32mINSERT INTO "ar_internal_metadata" ("key", "value", "created_at", "updated_at") VALUES ('environment', 'development', '2025-08-01 19:22:55.771745', '2025-08-01 19:22:55.771748') RETURNING "key" /*application='Backend'*/[0m
  [1m[36mActiveRecord::SchemaMigration Load (0.1ms)[0m  [1m[34mSELECT "schema_migrations"."version" FROM "schema_migrations" ORDER BY "schema_migrations"."version" ASC /*application='Backend'*/[0m
Migrating to CreateUsers (20250801192004)
  [1m[36mTRANSACTION (0.0ms)[0m  [1m[35mBEGIN immediate TRANSACTION /*application='Backend'*/[0m
  [1m[35m (1.9ms)[0m  [1m[35mCREATE TABLE "users" ("id" integer PRIMARY KEY AUTOINCREMENT NOT NULL, "name" varchar, "email" varchar, "phone" varchar, "address" text, "password_digest" varchar, "is_admin" boolean, "reward_points" integer, "member_since" datetime(6), "created_at" datetime(6) NOT NULL, "updated_at" datetime(6) NOT NULL) /*application='Backend'*/[0m
  [1m[35m (0.1ms)[0m  [1m[35mCREATE UNIQUE INDEX "index_users_on_email" ON "users" ("email") /*application='Backend'*/[0m
  [1m[36mActiveRecord::SchemaMigration Create (0.1ms)[0m  [1m[32mINSERT INTO "schema_migrations" ("version") VALUES ('20250801192004') RETURNING "version" /*application='Backend'*/[0m
  [1m[36mTRANSACTION (0.3ms)[0m  [1m[35mCOMMIT TRANSACTION /*application='Backend'*/[0m
Migrating to CreateMenuItems (20250801192007)
  [1m[36mActiveRecord::SchemaMigration Load (1.5ms)[0m  [1m[34mSELECT "schema_migrations"."version" FROM "schema_migrations" ORDER BY "schema_migrations"."version" ASC /*application='Backend'*/[0m
  [1m[36mActiveRecord::InternalMetadata Load (0.1ms)[0m  [1m[34mSELECT * FROM "ar_internal_metadata" WHERE "ar_internal_metadata"."key" = 'environment' ORDER BY "ar_internal_metadata"."key" ASC LIMIT 1 /*application='Backend'*/[0m
  [1m[36mActiveRecord::SchemaMigration Load (0.1ms)[0m  [1m[34mSELECT "schema_migrations"."version" FROM "schema_migrations" ORDER BY "schema_migrations"."version" ASC /*application='Backend'*/[0m
  [1m[36mActiveRecord::InternalMetadata Load (0.1ms)[0m  [1m[34mSELECT * FROM "ar_internal_metadata" WHERE "ar_internal_metadata"."key" = 'environment' ORDER BY "ar_internal_metadata"."key" ASC LIMIT 1 /*application='Backend'*/[0m
  [1m[36mActiveRecord::SchemaMigration Load (0.2ms)[0m  [1m[34mSELECT "schema_migrations"."version" FROM "schema_migrations" ORDER BY "schema_migrations"."version" ASC /*application='Backend'*/[0m
  [1m[36mActiveRecord::InternalMetadata Load (0.1ms)[0m  [1m[34mSELECT * FROM "ar_internal_metadata" WHERE "ar_internal_metadata"."key" = 'environment' ORDER BY "ar_internal_metadata"."key" ASC LIMIT 1 /*application='Backend'*/[0m
  [1m[35m (5.0ms)[0m  [1m[35mCREATE TABLE "schema_migrations" ("version" varchar NOT NULL PRIMARY KEY) /*application='Backend'*/[0m
  [1m[35m (0.2ms)[0m  [1m[35mCREATE TABLE "ar_internal_metadata" ("key" varchar NOT NULL PRIMARY KEY, "value" varchar, "created_at" datetime(6) NOT NULL, "updated_at" datetime(6) NOT NULL) /*application='Backend'*/[0m
  [1m[36mActiveRecord::InternalMetadata Load (0.2ms)[0m  [1m[34mSELECT * FROM "ar_internal_metadata" WHERE "ar_internal_metadata"."key" = 'environment' ORDER BY "ar_internal_metadata"."key" ASC LIMIT 1 /*application='Backend'*/[0m
  [1m[36mActiveRecord::InternalMetadata Create (0.3ms)[0m  [1m[32mINSERT INTO "ar_internal_metadata" ("key", "value", "created_at", "updated_at") VALUES ('environment', 'development', '2025-08-01 19:23:24.756362', '2025-08-01 19:23:24.756366') RETURNING "key" /*application='Backend'*/[0m
  [1m[36mActiveRecord::SchemaMigration Load (0.2ms)[0m  [1m[34mSELECT "schema_migrations"."version" FROM "schema_migrations" ORDER BY "schema_migrations"."version" ASC /*application='Backend'*/[0m
Migrating to CreateUsers (20250801192004)
  [1m[36mTRANSACTION (0.1ms)[0m  [1m[35mBEGIN immediate TRANSACTION /*application='Backend'*/[0m
  [1m[35m (2.7ms)[0m  [1m[35mCREATE TABLE "users" ("id" integer PRIMARY KEY AUTOINCREMENT NOT NULL, "name" varchar, "email" varchar, "phone" varchar, "address" text, "password_digest" varchar, "is_admin" boolean, "reward_points" integer, "member_since" datetime(6), "created_at" datetime(6) NOT NULL, "updated_at" datetime(6) NOT NULL) /*application='Backend'*/[0m
  [1m[35m (0.2ms)[0m  [1m[35mCREATE UNIQUE INDEX "index_users_on_email" ON "users" ("email") /*application='Backend'*/[0m
  [1m[36mActiveRecord::SchemaMigration Create (0.2ms)[0m  [1m[32mINSERT INTO "schema_migrations" ("version") VALUES ('20250801192004') RETURNING "version" /*application='Backend'*/[0m
  [1m[36mTRANSACTION (0.5ms)[0m  [1m[35mCOMMIT TRANSACTION /*application='Backend'*/[0m
Migrating to CreateMenuItems (20250801192007)
  [1m[36mTRANSACTION (0.1ms)[0m  [1m[35mBEGIN immediate TRANSACTION /*application='Backend'*/[0m
  [1m[35m (1.7ms)[0m  [1m[35mCREATE TABLE "menu_items" ("id" integer PRIMARY KEY AUTOINCREMENT NOT NULL, "name" varchar, "description" text, "price" decimal, "image" varchar, "category" varchar, "sizes" json, "customizations" json, "popular" boolean, "created_at" datetime(6) NOT NULL, "updated_at" datetime(6) NOT NULL) /*application='Backend'*/[0m
  [1m[36mActiveRecord::SchemaMigration Create (5.6ms)[0m  [1m[32mINSERT INTO "schema_migrations" ("version") VALUES ('20250801192007') RETURNING "version" /*application='Backend'*/[0m
  [1m[36mTRANSACTION (1.3ms)[0m  [1m[35mCOMMIT TRANSACTION /*application='Backend'*/[0m
Migrating to CreateOrders (20250801192011)
  [1m[36mTRANSACTION (0.1ms)[0m  [1m[35mBEGIN immediate TRANSACTION /*application='Backend'*/[0m
  [1m[35m (7.2ms)[0m  [1m[35mCREATE TABLE "orders" ("id" integer PRIMARY KEY AUTOINCREMENT NOT NULL, "user_id" integer NOT NULL, "total" decimal, "status" varchar, "order_date" datetime(6), "created_at" datetime(6) NOT NULL, "updated_at" datetime(6) NOT NULL, CONSTRAINT "fk_rails_f868b47f6a"
FOREIGN KEY ("user_id")
  REFERENCES "users" ("id")
) /*application='Backend'*/[0m
  [1m[35m (0.2ms)[0m  [1m[35mCREATE INDEX "index_orders_on_user_id" ON "orders" ("user_id") /*application='Backend'*/[0m
  [1m[36mActiveRecord::SchemaMigration Create (0.1ms)[0m  [1m[32mINSERT INTO "schema_migrations" ("version") VALUES ('20250801192011') RETURNING "version" /*application='Backend'*/[0m
  [1m[36mTRANSACTION (0.2ms)[0m  [1m[35mCOMMIT TRANSACTION /*application='Backend'*/[0m
Migrating to CreateOrderItems (20250801192014)
  [1m[36mTRANSACTION (0.8ms)[0m  [1m[35mBEGIN immediate TRANSACTION /*application='Backend'*/[0m
  [1m[35m (3.1ms)[0m  [1m[35mCREATE TABLE "order_items" ("id" integer PRIMARY KEY AUTOINCREMENT NOT NULL, "order_id" integer NOT NULL, "menu_item_id" integer NOT NULL, "quantity" integer, "price" decimal, "size" varchar, "customizations" json, "created_at" datetime(6) NOT NULL, "updated_at" datetime(6) NOT NULL, CONSTRAINT "fk_rails_e3cb28f071"
FOREIGN KEY ("order_id")
  REFERENCES "orders" ("id")
, CONSTRAINT "fk_rails_5ab12df479"
FOREIGN KEY ("menu_item_id")
  REFERENCES "menu_items" ("id")
) /*application='Backend'*/[0m
  [1m[35m (0.3ms)[0m  [1m[35mCREATE INDEX "index_order_items_on_order_id" ON "order_items" ("order_id") /*application='Backend'*/[0m
  [1m[35m (0.6ms)[0m  [1m[35mCREATE INDEX "index_order_items_on_menu_item_id" ON "order_items" ("menu_item_id") /*application='Backend'*/[0m
  [1m[36mActiveRecord::SchemaMigration Create (0.1ms)[0m  [1m[32mINSERT INTO "schema_migrations" ("version") VALUES ('20250801192014') RETURNING "version" /*application='Backend'*/[0m
  [1m[36mTRANSACTION (0.2ms)[0m  [1m[35mCOMMIT TRANSACTION /*application='Backend'*/[0m
  [1m[36mActiveRecord::SchemaMigration Load (1.1ms)[0m  [1m[34mSELECT "schema_migrations"."version" FROM "schema_migrations" ORDER BY "schema_migrations"."version" ASC /*application='Backend'*/[0m
  [1m[36mActiveRecord::SchemaMigration Load (0.7ms)[0m  [1m[34mSELECT "schema_migrations"."version" FROM "schema_migrations" ORDER BY "schema_migrations"."version" ASC /*application='Backend'*/[0m
  [1m[36mTRANSACTION (0.1ms)[0m  [1m[35mBEGIN immediate TRANSACTION /*application='Backend'*/[0m
  [1m[36mUser Exists? (1.8ms)[0m  [1m[34mSELECT 1 AS one FROM "users" WHERE "users"."email" = 'admin@coffeeshop.com' LIMIT 1 /*application='Backend'*/[0m
  [1m[36mUser Create (0.1ms)[0m  [1m[32mINSERT INTO "users" ("name", "email", "phone", "address", "password_digest", "is_admin", "reward_points", "member_since", "created_at", "updated_at") VALUES ('Admin User', 'admin@coffeeshop.com', '+1234567891', '456 Admin Ave, City, State', '$2a$12$54WBEfJQivOSzf4zqkzWYu8xr1bUOJVSABgAtcSRajikvhVrR6Gq.', 1, 0, '2022-01-01 00:00:00', '2025-08-01 19:26:22.264525', '2025-08-01 19:26:22.264525') RETURNING "id" /*application='Backend'*/[0m
  [1m[36mTRANSACTION (1.9ms)[0m  [1m[35mCOMMIT TRANSACTION /*application='Backend'*/[0m
  [1m[36mTRANSACTION (2.9ms)[0m  [1m[35mBEGIN immediate TRANSACTION /*application='Backend'*/[0m
  [1m[36mUser Exists? (9.4ms)[0m  [1m[34mSELECT 1 AS one FROM "users" WHERE "users"."email" = 'john@example.com' LIMIT 1 /*application='Backend'*/[0m
  [1m[36mUser Create (0.1ms)[0m  [1m[32mINSERT INTO "users" ("name", "email", "phone", "address", "password_digest", "is_admin", "reward_points", "member_since", "created_at", "updated_at") VALUES ('John Doe', 'john@example.com', '+1234567890', '123 Main St, City, State', '$2a$12$aE1a5IzbC2OBIQHMrtYvt.AOGG8.kRvspyxTKjhm6s130cpP9BUZK', 0, 150, '2023-01-15 00:00:00', '2025-08-01 19:26:22.485560', '2025-08-01 19:26:22.485560') RETURNING "id" /*application='Backend'*/[0m
  [1m[36mTRANSACTION (0.1ms)[0m  [1m[35mCOMMIT TRANSACTION /*application='Backend'*/[0m
  [1m[36mTRANSACTION (0.0ms)[0m  [1m[35mBEGIN immediate TRANSACTION /*application='Backend'*/[0m
  [1m[36mMenuItem Create (2.7ms)[0m  [1m[32mINSERT INTO "menu_items" ("name", "description", "price", "image", "category", "sizes", "customizations", "popular", "created_at", "updated_at") VALUES ('Espresso', 'Rich and bold espresso shot', 2.5, 'https://images.unsplash.com/photo-1510707577719-ae7c14805e3a?w=300&h=200&fit=crop', 'coffee', '[{"name":"Single","price":2.5},{"name":"Double","price":3.5}]', '["Extra shot","Decaf","Sugar","Honey"]', 0, '2025-08-01 19:26:22.547692', '2025-08-01 19:26:22.547692') RETURNING "id" /*application='Backend'*/[0m
  [1m[36mTRANSACTION (0.5ms)[0m  [1m[35mCOMMIT TRANSACTION /*application='Backend'*/[0m
  [1m[36mTRANSACTION (0.0ms)[0m  [1m[35mBEGIN immediate TRANSACTION /*application='Backend'*/[0m
  [1m[36mMenuItem Create (1.0ms)[0m  [1m[32mINSERT INTO "menu_items" ("name", "description", "price", "image", "category", "sizes", "customizations", "popular", "created_at", "updated_at") VALUES ('Cappuccino', 'Espresso with steamed milk and foam', 4.5, 'https://images.unsplash.com/photo-1572442388796-11668a67e53d?w=300&h=200&fit=crop', 'coffee', '[{"name":"Small","price":4.5},{"name":"Medium","price":5.5},{"name":"Large","price":6.5}]', '["Extra shot","Decaf","Oat milk","Almond milk","Soy milk","Extra foam"]', 1, '2025-08-01 19:26:22.579640', '2025-08-01 19:26:22.579640') RETURNING "id" /*application='Backend'*/[0m
  [1m[36mTRANSACTION (0.1ms)[0m  [1m[35mCOMMIT TRANSACTION /*application='Backend'*/[0m
  [1m[36mTRANSACTION (0.1ms)[0m  [1m[35mBEGIN immediate TRANSACTION /*application='Backend'*/[0m
  [1m[36mMenuItem Create (1.3ms)[0m  [1m[32mINSERT INTO "menu_items" ("name", "description", "price", "image", "category", "sizes", "customizations", "popular", "created_at", "updated_at") VALUES ('Latte', 'Smooth espresso with steamed milk', 5.0, 'https://images.unsplash.com/photo-1561882468-9110e03e0f78?w=300&h=200&fit=crop', 'coffee', '[{"name":"Small","price":5.0},{"name":"Medium","price":6.0},{"name":"Large","price":7.0}]', '["Extra shot","Decaf","Vanilla syrup","Caramel syrup","Oat milk","Almond milk"]', 1, '2025-08-01 19:26:22.593500', '2025-08-01 19:26:22.593500') RETURNING "id" /*application='Backend'*/[0m
  [1m[36mTRANSACTION (0.9ms)[0m  [1m[35mCOMMIT TRANSACTION /*application='Backend'*/[0m
  [1m[36mTRANSACTION (0.0ms)[0m  [1m[35mBEGIN immediate TRANSACTION /*application='Backend'*/[0m
  [1m[36mMenuItem Create (1.4ms)[0m  [1m[32mINSERT INTO "menu_items" ("name", "description", "price", "image", "category", "sizes", "customizations", "popular", "created_at", "updated_at") VALUES ('Americano', 'Espresso with hot water', 3.5, 'https://images.unsplash.com/photo-1497636577773-f1231844b336?w=300&h=200&fit=crop', 'coffee', '[{"name":"Small","price":3.5},{"name":"Medium","price":4.5},{"name":"Large","price":5.5}]', '["Extra shot","Decaf","Sugar","Cream"]', 0, '2025-08-01 19:26:22.605226', '2025-08-01 19:26:22.605226') RETURNING "id" /*application='Backend'*/[0m
  [1m[36mTRANSACTION (0.0ms)[0m  [1m[35mCOMMIT TRANSACTION /*application='Backend'*/[0m
  [1m[36mTRANSACTION (0.0ms)[0m  [1m[35mBEGIN immediate TRANSACTION /*application='Backend'*/[0m
  [1m[36mMenuItem Create (1.7ms)[0m  [1m[32mINSERT INTO "menu_items" ("name", "description", "price", "image", "category", "sizes", "customizations", "popular", "created_at", "updated_at") VALUES ('Earl Grey Tea', 'Classic bergamot-flavored black tea', 3.0, 'https://images.unsplash.com/photo-1597318181409-cf64d0b3fd34?w=300&h=200&fit=crop', 'tea', '[{"name":"Small","price":3.0},{"name":"Large","price":4.0}]', '["Honey","Lemon","Milk","Sugar"]', 0, '2025-08-01 19:26:22.609493', '2025-08-01 19:26:22.609493') RETURNING "id" /*application='Backend'*/[0m
  [1m[36mTRANSACTION (0.0ms)[0m  [1m[35mCOMMIT TRANSACTION /*application='Backend'*/[0m
  [1m[36mTRANSACTION (0.0ms)[0m  [1m[35mBEGIN immediate TRANSACTION /*application='Backend'*/[0m
  [1m[36mMenuItem Create (0.8ms)[0m  [1m[32mINSERT INTO "menu_items" ("name", "description", "price", "image", "category", "sizes", "customizations", "popular", "created_at", "updated_at") VALUES ('Green Tea', 'Fresh and light green tea', 2.75, 'https://images.unsplash.com/photo-1556679343-c7306c1976bc?w=300&h=200&fit=crop', 'tea', '[{"name":"Small","price":2.75},{"name":"Large","price":3.75}]', '["Honey","Lemon","Mint"]', 0, '2025-08-01 19:26:22.613616', '2025-08-01 19:26:22.613616') RETURNING "id" /*application='Backend'*/[0m
  [1m[36mTRANSACTION (0.0ms)[0m  [1m[35mCOMMIT TRANSACTION /*application='Backend'*/[0m
  [1m[36mTRANSACTION (0.0ms)[0m  [1m[35mBEGIN immediate TRANSACTION /*application='Backend'*/[0m
  [1m[36mMenuItem Create (0.9ms)[0m  [1m[32mINSERT INTO "menu_items" ("name", "description", "price", "image", "category", "sizes", "customizations", "popular", "created_at", "updated_at") VALUES ('Croissant', 'Buttery, flaky French pastry', 3.5, 'https://images.unsplash.com/photo-1555507036-ab794f4ade2a?w=300&h=200&fit=crop', 'pastries', '[]', '["Butter","Jam","Honey"]', 1, '2025-08-01 19:26:22.617401', '2025-08-01 19:26:22.617401') RETURNING "id" /*application='Backend'*/[0m
  [1m[36mTRANSACTION (0.1ms)[0m  [1m[35mCOMMIT TRANSACTION /*application='Backend'*/[0m
  [1m[36mTRANSACTION (0.0ms)[0m  [1m[35mBEGIN immediate TRANSACTION /*application='Backend'*/[0m
  [1m[36mMenuItem Create (2.2ms)[0m  [1m[32mINSERT INTO "menu_items" ("name", "description", "price", "image", "category", "sizes", "customizations", "popular", "created_at", "updated_at") VALUES ('Blueberry Muffin', 'Fresh baked muffin with blueberries', 4.0, 'https://images.unsplash.com/photo-1607958996333-41aef7caefaa?w=300&h=200&fit=crop', 'pastries', '[]', '["Butter","Warmed"]', 0, '2025-08-01 19:26:22.624578', '2025-08-01 19:26:22.624578') RETURNING "id" /*application='Backend'*/[0m
  [1m[36mTRANSACTION (0.1ms)[0m  [1m[35mCOMMIT TRANSACTION /*application='Backend'*/[0m
  [1m[36mTRANSACTION (0.0ms)[0m  [1m[35mBEGIN immediate TRANSACTION /*application='Backend'*/[0m
  [1m[36mMenuItem Create (1.1ms)[0m  [1m[32mINSERT INTO "menu_items" ("name", "description", "price", "image", "category", "sizes", "customizations", "popular", "created_at", "updated_at") VALUES ('Cinnamon Roll', 'Sweet pastry with cinnamon and glaze', 4.5, 'https://images.unsplash.com/photo-1509440159596-0249088772ff?w=300&h=200&fit=crop', 'pastries', '[]', '["Extra glaze","Warmed"]', 0, '2025-08-01 19:26:22.630447', '2025-08-01 19:26:22.630447') RETURNING "id" /*application='Backend'*/[0m
  [1m[36mTRANSACTION (0.1ms)[0m  [1m[35mCOMMIT TRANSACTION /*application='Backend'*/[0m
  [1m[36mTRANSACTION (0.0ms)[0m  [1m[35mBEGIN immediate TRANSACTION /*application='Backend'*/[0m
  [1m[36mMenuItem Create (1.0ms)[0m  [1m[32mINSERT INTO "menu_items" ("name", "description", "price", "image", "category", "sizes", "customizations", "popular", "created_at", "updated_at") VALUES ('Turkey Club', 'Turkey, bacon, lettuce, tomato on toasted bread', 8.5, 'https://images.unsplash.com/photo-1553909489-cd47e0ef937f?w=300&h=200&fit=crop', 'sandwiches', '[]', '["No bacon","Extra turkey","Avocado","Mayo","Mustard"]', 0, '2025-08-01 19:26:22.633994', '2025-08-01 19:26:22.633994') RETURNING "id" /*application='Backend'*/[0m
  [1m[36mTRANSACTION (0.1ms)[0m  [1m[35mCOMMIT TRANSACTION /*application='Backend'*/[0m
  [1m[36mTRANSACTION (0.0ms)[0m  [1m[35mBEGIN immediate TRANSACTION /*application='Backend'*/[0m
  [1m[36mMenuItem Create (1.2ms)[0m  [1m[32mINSERT INTO "menu_items" ("name", "description", "price", "image", "category", "sizes", "customizations", "popular", "created_at", "updated_at") VALUES ('Grilled Cheese', 'Classic grilled cheese sandwich', 6.0, 'https://images.unsplash.com/photo-1528735602780-2552fd46c7af?w=300&h=200&fit=crop', 'sandwiches', '[]', '["Tomato","Bacon","Extra cheese"]', 0, '2025-08-01 19:26:22.637544', '2025-08-01 19:26:22.637544') RETURNING "id" /*application='Backend'*/[0m
  [1m[36mTRANSACTION (0.0ms)[0m  [1m[35mCOMMIT TRANSACTION /*application='Backend'*/[0m
  [1m[36mTRANSACTION (0.1ms)[0m  [1m[35mBEGIN immediate TRANSACTION /*application='Backend'*/[0m
  [1m[36mMenuItem Create (1.4ms)[0m  [1m[32mINSERT INTO "menu_items" ("name", "description", "price", "image", "category", "sizes", "customizations", "popular", "created_at", "updated_at") VALUES ('Chocolate Cake', 'Rich chocolate cake slice', 5.5, 'https://images.unsplash.com/photo-1578985545062-69928b1d9587?w=300&h=200&fit=crop', 'desserts', '[]', '["Ice cream","Whipped cream"]', 0, '2025-08-01 19:26:22.643274', '2025-08-01 19:26:22.643274') RETURNING "id" /*application='Backend'*/[0m
  [1m[36mTRANSACTION (0.0ms)[0m  [1m[35mCOMMIT TRANSACTION /*application='Backend'*/[0m
  [1m[36mTRANSACTION (0.0ms)[0m  [1m[35mBEGIN immediate TRANSACTION /*application='Backend'*/[0m
  [1m[36mMenuItem Create (1.2ms)[0m  [1m[32mINSERT INTO "menu_items" ("name", "description", "price", "image", "category", "sizes", "customizations", "popular", "created_at", "updated_at") VALUES ('Cheesecake', 'Creamy New York style cheesecake', 6.0, 'https://images.unsplash.com/photo-1533134242443-d4fd215305ad?w=300&h=200&fit=crop', 'desserts', '[]', '["Berry sauce","Whipped cream"]', 1, '2025-08-01 19:26:22.650273', '2025-08-01 19:26:22.650273') RETURNING "id" /*application='Backend'*/[0m
  [1m[36mTRANSACTION (0.1ms)[0m  [1m[35mCOMMIT TRANSACTION /*application='Backend'*/[0m
Started GET "/api/v1/products" for ::1 at 2025-08-01 22:35:04 +0300
  [1m[36mActiveRecord::SchemaMigration Load (0.8ms)[0m  [1m[34mSELECT "schema_migrations"."version" FROM "schema_migrations" ORDER BY "schema_migrations"."version" ASC /*application='Backend'*/[0m
  
ActionController::RoutingError (No route matches [GET] "/api/v1/products"):
  
Started POST "/api/v1/auth/signin" for ::1 at 2025-08-01 22:35:04 +0300
  
ActionController::RoutingError (No route matches [POST] "/api/v1/auth/signin"):
  
Started POST "/api/v1/auth/signin" for ::1 at 2025-08-01 22:35:07 +0300
  
ActionController::RoutingError (No route matches [POST] "/api/v1/auth/signin"):
  
Started POST "/api/v1/auth/signin" for ::1 at 2025-08-01 22:35:10 +0300
  
ActionController::RoutingError (No route matches [POST] "/api/v1/auth/signin"):
  
  [1m[36mActiveRecord::InternalMetadata Load (0.1ms)[0m  [1m[34mSELECT * FROM "ar_internal_metadata" WHERE "ar_internal_metadata"."key" = 'environment' ORDER BY "ar_internal_metadata"."key" ASC LIMIT 1 /*application='Backend'*/[0m
  [1m[36mActiveRecord::SchemaMigration Load (0.1ms)[0m  [1m[34mSELECT "schema_migrations"."version" FROM "schema_migrations" ORDER BY "schema_migrations"."version" ASC /*application='Backend'*/[0m
  [1m[36mActiveRecord::SchemaMigration Load (0.0ms)[0m  [1m[34mSELECT "schema_migrations"."version" FROM "schema_migrations" ORDER BY "schema_migrations"."version" ASC /*application='Backend'*/[0m
  [1m[36mActiveRecord::SchemaMigration Load (1.2ms)[0m  [1m[34mSELECT "schema_migrations"."version" FROM "schema_migrations" ORDER BY "schema_migrations"."version" ASC /*application='Backend'*/[0m
  [1m[36mTRANSACTION (0.1ms)[0m  [1m[35mBEGIN immediate TRANSACTION /*application='Backend'*/[0m
  [1m[36mUser Exists? (1.8ms)[0m  [1m[34mSELECT 1 AS one FROM "users" WHERE "users"."email" = 'admin@coffeeshop.com' LIMIT 1 /*application='Backend'*/[0m
  [1m[36mTRANSACTION (0.0ms)[0m  [1m[31mROLLBACK TRANSACTION /*application='Backend'*/[0m
  [1m[36mActiveRecord::InternalMetadata Load (0.1ms)[0m  [1m[34mSELECT * FROM "ar_internal_metadata" WHERE "ar_internal_metadata"."key" = 'environment' ORDER BY "ar_internal_metadata"."key" ASC LIMIT 1 /*application='Backend'*/[0m
  [1m[36mActiveRecord::SchemaMigration Load (0.1ms)[0m  [1m[34mSELECT "schema_migrations"."version" FROM "schema_migrations" ORDER BY "schema_migrations"."version" ASC /*application='Backend'*/[0m
  [1m[36mActiveRecord::SchemaMigration Load (0.1ms)[0m  [1m[34mSELECT "schema_migrations"."version" FROM "schema_migrations" ORDER BY "schema_migrations"."version" ASC /*application='Backend'*/[0m
  [1m[36mActiveRecord::SchemaMigration Load (0.7ms)[0m  [1m[34mSELECT "schema_migrations"."version" FROM "schema_migrations" ORDER BY "schema_migrations"."version" ASC /*application='Backend'*/[0m
  [1m[36mUser Load (0.4ms)[0m  [1m[34mSELECT "users".* FROM "users" WHERE "users"."email" = 'admin@coffeeshop.com' LIMIT 1 /*application='Backend'*/[0m
  [1m[36mUser Load (0.1ms)[0m  [1m[34mSELECT "users".* FROM "users" WHERE "users"."email" = 'john@example.com' LIMIT 1 /*application='Backend'*/[0m
  [1m[36mMenuItem Load (0.3ms)[0m  [1m[34mSELECT "menu_items".* FROM "menu_items" WHERE "menu_items"."name" = 'Espresso' LIMIT 1 /*application='Backend'*/[0m
  [1m[36mMenuItem Load (0.4ms)[0m  [1m[34mSELECT "menu_items".* FROM "menu_items" WHERE "menu_items"."name" = 'Cappuccino' LIMIT 1 /*application='Backend'*/[0m
  [1m[36mMenuItem Load (0.1ms)[0m  [1m[34mSELECT "menu_items".* FROM "menu_items" WHERE "menu_items"."name" = 'Latte' LIMIT 1 /*application='Backend'*/[0m
  [1m[36mMenuItem Load (0.1ms)[0m  [1m[34mSELECT "menu_items".* FROM "menu_items" WHERE "menu_items"."name" = 'Americano' LIMIT 1 /*application='Backend'*/[0m
  [1m[36mMenuItem Load (0.1ms)[0m  [1m[34mSELECT "menu_items".* FROM "menu_items" WHERE "menu_items"."name" = 'Earl Grey Tea' LIMIT 1 /*application='Backend'*/[0m
  [1m[36mMenuItem Load (0.1ms)[0m  [1m[34mSELECT "menu_items".* FROM "menu_items" WHERE "menu_items"."name" = 'Green Tea' LIMIT 1 /*application='Backend'*/[0m
  [1m[36mMenuItem Load (20.3ms)[0m  [1m[34mSELECT "menu_items".* FROM "menu_items" WHERE "menu_items"."name" = 'Croissant' LIMIT 1 /*application='Backend'*/[0m
  [1m[36mMenuItem Load (0.1ms)[0m  [1m[34mSELECT "menu_items".* FROM "menu_items" WHERE "menu_items"."name" = 'Blueberry Muffin' LIMIT 1 /*application='Backend'*/[0m
  [1m[36mMenuItem Load (0.7ms)[0m  [1m[34mSELECT "menu_items".* FROM "menu_items" WHERE "menu_items"."name" = 'Cinnamon Roll' LIMIT 1 /*application='Backend'*/[0m
  [1m[36mMenuItem Load (0.1ms)[0m  [1m[34mSELECT "menu_items".* FROM "menu_items" WHERE "menu_items"."name" = 'Turkey Club' LIMIT 1 /*application='Backend'*/[0m
  [1m[36mMenuItem Load (0.1ms)[0m  [1m[34mSELECT "menu_items".* FROM "menu_items" WHERE "menu_items"."name" = 'Grilled Cheese' LIMIT 1 /*application='Backend'*/[0m
  [1m[36mMenuItem Load (0.1ms)[0m  [1m[34mSELECT "menu_items".* FROM "menu_items" WHERE "menu_items"."name" = 'Chocolate Cake' LIMIT 1 /*application='Backend'*/[0m
  [1m[36mMenuItem Load (0.2ms)[0m  [1m[34mSELECT "menu_items".* FROM "menu_items" WHERE "menu_items"."name" = 'Cheesecake' LIMIT 1 /*application='Backend'*/[0m
Started GET "/api/menu_items" for 172.23.0.1 at 2025-08-01 21:05:40 +0000
  [1m[36mActiveRecord::SchemaMigration Load (0.9ms)[0m  [1m[34mSELECT "schema_migrations"."version" FROM "schema_migrations" ORDER BY "schema_migrations"."version" ASC /*application='Backend'*/[0m
  
ArgumentError (Before process_action callback :verify_authenticity_token has not been defined):
  
app/controllers/api/menu_items_controller.rb:2:in '<class:MenuItemsController>'
app/controllers/api/menu_items_controller.rb:1:in '<main>'
Started GET "/api/menu_items" for 172.23.0.1 at 2025-08-01 21:05:57 +0000
  
ArgumentError (Before process_action callback :verify_authenticity_token has not been defined):
  
app/controllers/api/menu_items_controller.rb:2:in '<class:MenuItemsController>'
app/controllers/api/menu_items_controller.rb:1:in '<main>'
